<?xml version="1.0" encoding="UTF-8"?>
<!-- Generated by org.testng.reporters.JUnitXMLReporter -->
<testsuite ignored="0" hostname="DESKTOP-JTB7APR" failures="0" tests="2" name="End-to_End Framework" time="138.832" errors="0" timestamp="2023-04-25T22:04:42 IST">
  <testcase classname="org.rahulSheetyacademy.Ecommerce_TC4_Hybrid" name="FillForm" time="62.023"/>
  <testcase classname="org.rahulSheetyacademy.Ecommerce_TC4_Hybrid" name="FillForm" time="58.191"/>
</testsuite> <!-- End-to_End Framework -->
