<?xml version="1.0" encoding="UTF-8"?>
<!-- Generated by org.testng.reporters.JUnitXMLReporter -->
<testsuite ignored="0" hostname="DESKTOP-JTB7APR" failures="1" tests="2" name="FirstPageValidation" time="61.531" errors="0" timestamp="2023-04-25T22:05:43 IST">
  <testcase classname="org.rahulSheetyacademy.Ecommerce_TC1" name="FillFormNegetive" time="19.173">
    <failure type="java.lang.AssertionError" message="expected [Please enter  name] but found [Please enter your name]">
      <![CDATA[java.lang.AssertionError: expected [Please enter  name] but found [Please enter your name]
at org.rahulSheetyacademy.Ecommerce_TC1.FillFormNegetive(Ecommerce_TC1.java:35)
at java.base/java.util.ArrayList.forEach(ArrayList.java:1511)
... Removed 31 stack frames]]>
    </failure>
  </testcase> <!-- FillFormNegetive -->
  <testcase classname="org.rahulSheetyacademy.Ecommerce_TC1" name="FillFormWithPositive" time="19.374"/>
</testsuite> <!-- FirstPageValidation -->
