<?xml version="1.0" encoding="UTF-8"?>
<testng-results ignored="0" total="4" passed="3" failed="1" skipped="0">
  <reporter-output>
  </reporter-output>
  <suite started-at="2023-04-25T22:02:23 IST" name="Suite" finished-at="2023-04-25T22:05:43 IST" duration-ms="200695">
    <groups>
      <group name="Smoke">
        <method signature="Ecommerce_TC4_Hybrid.FillForm(java.lang.String,java.lang.String,java.lang.String)[pri:0, instance:org.rahulSheetyacademy.Ecommerce_TC4_Hybrid@50f6ac94]" name="FillForm" class="org.rahulSheetyacademy.Ecommerce_TC4_Hybrid"/>
      </group> <!-- Smoke -->
    </groups>
    <test started-at="2023-04-25T22:02:23 IST" name="End-to_End Framework" finished-at="2023-04-25T22:04:42 IST" duration-ms="138832">
      <class name="org.rahulSheetyacademy.Ecommerce_TC4_Hybrid">
        <test-method is-config="true" signature="startService()[pri:0, instance:org.rahulSheetyacademy.Ecommerce_TC4_Hybrid@50f6ac94]" started-at="2023-04-25T22:02:23 IST" name="startService" finished-at="2023-04-25T22:02:41 IST" duration-ms="18068" status="PASS">
          <reporter-output>
          </reporter-output>
        </test-method> <!-- startService -->
        <test-method signature="FillForm(java.lang.String,java.lang.String,java.lang.String)[pri:0, instance:org.rahulSheetyacademy.Ecommerce_TC4_Hybrid@50f6ac94]" started-at="2023-04-25T22:02:41 IST" name="FillForm" data-provider="GetData" finished-at="2023-04-25T22:03:43 IST" duration-ms="62023" status="PASS">
          <params>
            <param index="0">
              <value>
                <![CDATA[Gobinda Patra]]>
              </value>
            </param>
            <param index="1">
              <value>
                <![CDATA[Argentina]]>
              </value>
            </param>
            <param index="2">
              <value>
                <![CDATA[Male]]>
              </value>
            </param>
          </params>
          <reporter-output>
          </reporter-output>
        </test-method> <!-- FillForm -->
        <test-method signature="FillForm(java.lang.String,java.lang.String,java.lang.String)[pri:0, instance:org.rahulSheetyacademy.Ecommerce_TC4_Hybrid@50f6ac94]" started-at="2023-04-25T22:03:43 IST" name="FillForm" data-provider="GetData" finished-at="2023-04-25T22:04:41 IST" duration-ms="58191" status="PASS">
          <params>
            <param index="0">
              <value>
                <![CDATA[Patra]]>
              </value>
            </param>
            <param index="1">
              <value>
                <![CDATA[Argentina]]>
              </value>
            </param>
            <param index="2">
              <value>
                <![CDATA[Female]]>
              </value>
            </param>
          </params>
          <reporter-output>
          </reporter-output>
        </test-method> <!-- FillForm -->
        <test-method is-config="true" signature="stopService()[pri:0, instance:org.rahulSheetyacademy.Ecommerce_TC4_Hybrid@50f6ac94]" started-at="2023-04-25T22:04:41 IST" name="stopService" finished-at="2023-04-25T22:04:42 IST" duration-ms="500" status="PASS">
          <reporter-output>
          </reporter-output>
        </test-method> <!-- stopService -->
      </class> <!-- org.rahulSheetyacademy.Ecommerce_TC4_Hybrid -->
    </test> <!-- End-to_End Framework -->
    <test started-at="2023-04-25T22:04:42 IST" name="FirstPageValidation" finished-at="2023-04-25T22:05:43 IST" duration-ms="61531">
      <class name="org.rahulSheetyacademy.Ecommerce_TC1">
        <test-method is-config="true" signature="startService()[pri:0, instance:org.rahulSheetyacademy.Ecommerce_TC1@7905a0b8]" started-at="2023-04-25T22:04:42 IST" name="startService" finished-at="2023-04-25T22:04:59 IST" duration-ms="17006" status="PASS">
          <reporter-output>
          </reporter-output>
        </test-method> <!-- startService -->
        <test-method is-config="true" signature="setScreen()[pri:0, instance:org.rahulSheetyacademy.Ecommerce_TC1@7905a0b8]" started-at="2023-04-25T22:04:59 IST" name="setScreen" finished-at="2023-04-25T22:05:01 IST" duration-ms="1637" status="PASS">
          <reporter-output>
          </reporter-output>
        </test-method> <!-- setScreen -->
        <test-method signature="FillFormNegetive()[pri:0, instance:org.rahulSheetyacademy.Ecommerce_TC1@7905a0b8]" started-at="2023-04-25T22:05:01 IST" name="FillFormNegetive" finished-at="2023-04-25T22:05:20 IST" duration-ms="19173" status="FAIL">
          <exception class="java.lang.AssertionError">
            <message>
              <![CDATA[expected [Please enter  name] but found [Please enter your name]]]>
            </message>
            <full-stacktrace>
              <![CDATA[java.lang.AssertionError: expected [Please enter  name] but found [Please enter your name]
at org.testng.Assert.fail(Assert.java:110)
at org.testng.Assert.failNotEquals(Assert.java:1577)
at org.testng.Assert.assertEqualsImpl(Assert.java:149)
at org.testng.Assert.assertEquals(Assert.java:131)
at org.testng.Assert.assertEquals(Assert.java:655)
at org.testng.Assert.assertEquals(Assert.java:665)
at org.rahulSheetyacademy.Ecommerce_TC1.FillFormNegetive(Ecommerce_TC1.java:35)
at java.base/jdk.internal.reflect.DirectMethodHandleAccessor.invoke(DirectMethodHandleAccessor.java:104)
at java.base/java.lang.reflect.Method.invoke(Method.java:578)
at org.testng.internal.invokers.MethodInvocationHelper.invokeMethod(MethodInvocationHelper.java:139)
at org.testng.internal.invokers.TestInvoker.invokeMethod(TestInvoker.java:677)
at org.testng.internal.invokers.TestInvoker.invokeTestMethod(TestInvoker.java:221)
at org.testng.internal.invokers.MethodRunner.runInSequence(MethodRunner.java:50)
at org.testng.internal.invokers.TestInvoker$MethodInvocationAgent.invoke(TestInvoker.java:969)
at org.testng.internal.invokers.TestInvoker.invokeTestMethods(TestInvoker.java:194)
at org.testng.internal.invokers.TestMethodWorker.invokeTestMethods(TestMethodWorker.java:148)
at org.testng.internal.invokers.TestMethodWorker.run(TestMethodWorker.java:128)
at java.base/java.util.ArrayList.forEach(ArrayList.java:1511)
at org.testng.TestRunner.privateRun(TestRunner.java:829)
at org.testng.TestRunner.run(TestRunner.java:602)
at org.testng.SuiteRunner.runTest(SuiteRunner.java:437)
at org.testng.SuiteRunner.runSequentially(SuiteRunner.java:431)
at org.testng.SuiteRunner.privateRun(SuiteRunner.java:391)
at org.testng.SuiteRunner.run(SuiteRunner.java:330)
at org.testng.SuiteRunnerWorker.runSuite(SuiteRunnerWorker.java:52)
at org.testng.SuiteRunnerWorker.run(SuiteRunnerWorker.java:95)
at org.testng.TestNG.runSuitesSequentially(TestNG.java:1256)
at org.testng.TestNG.runSuitesLocally(TestNG.java:1176)
at org.testng.TestNG.runSuites(TestNG.java:1099)
at org.testng.TestNG.run(TestNG.java:1067)
at org.testng.remote.AbstractRemoteTestNG.run(AbstractRemoteTestNG.java:115)
at org.testng.remote.RemoteTestNG.initAndRun(RemoteTestNG.java:251)
at org.testng.remote.RemoteTestNG.main(RemoteTestNG.java:77)
]]>
            </full-stacktrace>
          </exception> <!-- java.lang.AssertionError -->
          <reporter-output>
          </reporter-output>
        </test-method> <!-- FillFormNegetive -->
        <test-method is-config="true" signature="setScreen()[pri:0, instance:org.rahulSheetyacademy.Ecommerce_TC1@7905a0b8]" started-at="2023-04-25T22:05:21 IST" name="setScreen" finished-at="2023-04-25T22:05:24 IST" duration-ms="2806" status="PASS">
          <reporter-output>
          </reporter-output>
        </test-method> <!-- setScreen -->
        <test-method signature="FillFormWithPositive()[pri:0, instance:org.rahulSheetyacademy.Ecommerce_TC1@7905a0b8]" started-at="2023-04-25T22:05:24 IST" name="FillFormWithPositive" finished-at="2023-04-25T22:05:43 IST" duration-ms="19374" status="PASS">
          <reporter-output>
          </reporter-output>
        </test-method> <!-- FillFormWithPositive -->
        <test-method is-config="true" signature="stopService()[pri:0, instance:org.rahulSheetyacademy.Ecommerce_TC1@7905a0b8]" started-at="2023-04-25T22:05:43 IST" name="stopService" finished-at="2023-04-25T22:05:43 IST" duration-ms="466" status="PASS">
          <reporter-output>
          </reporter-output>
        </test-method> <!-- stopService -->
      </class> <!-- org.rahulSheetyacademy.Ecommerce_TC1 -->
    </test> <!-- FirstPageValidation -->
  </suite> <!-- Suite -->
</testng-results>
